2024-06-02 20:00:00,551 INFO [Process Cluster Protocol Request-5] o.a.n.c.p.impl.SocketProtocolListener Finished processing request 9a71c21c-bd3f-47c7-bb6d-a2c69da1fb2e (type=HEARTBEAT, length=2247 bytes) from mynifi:8080 in 1 millis
2024-06-02 20:00:00,552 INFO [Clustering Tasks Thread-3] o.a.n.c.c.ClusterProtocolHeartbeater Heartbeat created at 2024-06-02 20:00:00,549 and sent to mynifi:8082 at 2024-06-02 20:00:00,552; send took 3 millis
2024-06-02 20:00:01,088 INFO [Heartbeat Monitor Thread-1] o.a.n.c.c.h.AbstractHeartbeatMonitor Finished processing 1 heartbeats in 6600 nanos
2024-06-02 20:00:05,561 INFO [Process Cluster Protocol Request-6] o.a.n.c.p.impl.SocketProtocolListener Finished processing request 6f07bf6e-ba8c-42fc-9a36-c06a56606acb (type=HEARTBEAT, length=2247 bytes) from mynifi:8080 in 1 millis
2024-06-02 20:00:05,562 INFO [Clustering Tasks Thread-3] o.a.n.c.c.ClusterProtocolHeartbeater Heartbeat created at 2024-06-02 20:00:05,558 and sent to mynifi:8082 at 2024-06-02 20:00:05,562; send took 4 millis
2024-06-02 20:00:06,088 INFO [Heartbeat Monitor Thread-1] o.a.n.c.c.h.AbstractHeartbeatMonitor Finished processing 1 heartbeats in 7600 nanos
2024-06-02 20:00:09,353 ERROR [Timer-Driven Process Thread-7] o.a.nifi.processors.mqtt.ConsumeMQTT ConsumeMQTT[id=99cb2d62-018d-1000-ffff-ffff95d70688] Connection to tcp://172.20.10.3:8883 lost (or was never connected) and connection failed. Yielding processor: java.net.ConnectException: Connection refused (Connection refused)
↳ causes: Unable to connect to server (32103) - java.net.ConnectException: Connection refused (Connection refused)
org.eclipse.paho.client.mqttv3.MqttException: Unable to connect to server
	at org.eclipse.paho.client.mqttv3.internal.TCPNetworkModule.start(TCPNetworkModule.java:80)
	at org.eclipse.paho.client.mqttv3.internal.ClientComms$ConnectBG.run(ClientComms.java:722)
	at java.lang.Thread.run(Thread.java:748)
Caused by: java.net.ConnectException: Connection refused (Connection refused)
	at java.net.PlainSocketImpl.socketConnect(Native Method)
	at java.net.AbstractPlainSocketImpl.doConnect(AbstractPlainSocketImpl.java:350)
	at java.net.AbstractPlainSocketImpl.connectToAddress(AbstractPlainSocketImpl.java:206)
	at java.net.AbstractPlainSocketImpl.connect(AbstractPlainSocketImpl.java:188)
	at java.net.SocksSocketImpl.connect(SocksSocketImpl.java:392)
	at java.net.Socket.connect(Socket.java:607)
	at org.eclipse.paho.client.mqttv3.internal.TCPNetworkModule.start(TCPNetworkModule.java:74)
	... 2 common frames omitted
2024-06-02 20:00:10,565 INFO [Process Cluster Protocol Request-7] o.a.n.c.p.impl.SocketProtocolListener Finished processing request 414f8836-2b11-4d90-b739-514a6d9123b4 (type=HEARTBEAT, length=2247 bytes) from mynifi:8080 in 1 millis
2024-06-02 20:00:10,567 INFO [Clustering Tasks Thread-3] o.a.n.c.c.ClusterProtocolHeartbeater Heartbeat created at 2024-06-02 20:00:10,563 and sent to mynifi:8082 at 2024-06-02 20:00:10,567; send took 4 millis
2024-06-02 20:00:11,089 INFO [Heartbeat Monitor Thread-1] o.a.n.c.c.h.AbstractHeartbeatMonitor Finished processing 1 heartbeats in 7001 nanos
2024-06-02 20:00:15,111 INFO [Write-Ahead Local State Provider Maintenance] org.wali.MinimalLockingWriteAheadLog org.wali.MinimalLockingWriteAheadLog@6f52a229 checkpointed with 6 Records and 0 Swap Files in 162 milliseconds (Stop-the-world time = 43 milliseconds, Clear Edit Logs time = 98 millis), max Transaction ID 143
2024-06-02 20:00:15,571 INFO [Process Cluster Protocol Request-8] o.a.n.c.p.impl.SocketProtocolListener Finished processing request 00e6fc51-a0ec-4e85-8bfe-e5ef854d4b91 (type=HEARTBEAT, length=2247 bytes) from mynifi:8080 in 1 millis
2024-06-02 20:00:15,572 INFO [Clustering Tasks Thread-3] o.a.n.c.c.ClusterProtocolHeartbeater Heartbeat created at 2024-06-02 20:00:15,568 and sent to mynifi:8082 at 2024-06-02 20:00:15,572; send took 4 millis
2024-06-02 20:00:16,090 INFO [Heartbeat Monitor Thread-1] o.a.n.c.c.h.AbstractHeartbeatMonitor Finished processing 1 heartbeats in 9500 nanos
2024-06-02 20:00:19,960 INFO [pool-13-thread-1] o.a.n.c.r.WriteAheadFlowFileRepository Initiating checkpoint of FlowFile Repository
2024-06-02 20:00:19,960 INFO [pool-13-thread-1] o.a.n.c.r.WriteAheadFlowFileRepository Successfully checkpointed FlowFile Repository with 4505 records in 0 milliseconds
2024-06-02 20:00:20,576 INFO [Process Cluster Protocol Request-9] o.a.n.c.p.impl.SocketProtocolListener Finished processing request 0b0e775f-e99c-4bd0-afb8-e7199b722a5f (type=HEARTBEAT, length=2247 bytes) from mynifi:8080 in 1 millis
2024-06-02 20:00:20,577 INFO [Clustering Tasks Thread-3] o.a.n.c.c.ClusterProtocolHeartbeater Heartbeat created at 2024-06-02 20:00:20,573 and sent to mynifi:8082 at 2024-06-02 20:00:20,577; send took 4 millis
2024-06-02 20:00:21,091 INFO [Heartbeat Monitor Thread-1] o.a.n.c.c.h.AbstractHeartbeatMonitor Finished processing 1 heartbeats in 6000 nanos
2024-06-02 20:00:25,581 INFO [Process Cluster Protocol Request-10] o.a.n.c.p.impl.SocketProtocolListener Finished processing request 14f32f7d-a4c9-4537-9639-d84319ee73a1 (type=HEARTBEAT, length=2247 bytes) from mynifi:8080 in 1 millis
2024-06-02 20:00:25,583 INFO [Clustering Tasks Thread-3] o.a.n.c.c.ClusterProtocolHeartbeater Heartbeat created at 2024-06-02 20:00:25,578 and sent to mynifi:8082 at 2024-06-02 20:00:25,583; send took 4 millis
2024-06-02 20:00:26,091 INFO [Heartbeat Monitor Thread-1] o.a.n.c.c.h.AbstractHeartbeatMonitor Finished processing 1 heartbeats in 17600 nanos
2024-06-02 20:00:30,586 INFO [Process Cluster Protocol Request-1] o.a.n.c.p.impl.SocketProtocolListener Finished processing request 107e12a5-7848-4500-9bde-faa71f3aeaea (type=HEARTBEAT, length=2247 bytes) from mynifi:8080 in 1 millis
2024-06-02 20:00:30,587 INFO [Clustering Tasks Thread-3] o.a.n.c.c.ClusterProtocolHeartbeater Heartbeat created at 2024-06-02 20:00:30,583 and sent to mynifi:8082 at 2024-06-02 20:00:30,587; send took 4 millis
2024-06-02 20:00:31,092 INFO [Heartbeat Monitor Thread-1] o.a.n.c.c.h.AbstractHeartbeatMonitor Finished processing 1 heartbeats in 6000 nanos
2024-06-02 20:00:35,592 INFO [Process Cluster Protocol Request-2] o.a.n.c.p.impl.SocketProtocolListener Finished processing request 80ec4526-93ca-4d3d-a531-785002dde3ef (type=HEARTBEAT, length=2247 bytes) from mynifi:8080 in 1 millis
2024-06-02 20:00:35,593 INFO [Clustering Tasks Thread-3] o.a.n.c.c.ClusterProtocolHeartbeater Heartbeat created at 2024-06-02 20:00:35,588 and sent to mynifi:8082 at 2024-06-02 20:00:35,593; send took 4 millis
2024-06-02 20:00:36,092 INFO [Heartbeat Monitor Thread-1] o.a.n.c.c.h.AbstractHeartbeatMonitor Finished processing 1 heartbeats in 15600 nanos
2024-06-02 20:00:39,961 INFO [pool-13-thread-1] o.a.n.c.r.WriteAheadFlowFileRepository Initiating checkpoint of FlowFile Repository
2024-06-02 20:00:39,962 INFO [pool-13-thread-1] o.a.n.c.r.WriteAheadFlowFileRepository Successfully checkpointed FlowFile Repository with 4505 records in 0 milliseconds
2024-06-02 20:00:40,596 INFO [Process Cluster Protocol Request-3] o.a.n.c.p.impl.SocketProtocolListener Finished processing request bfde6f22-359f-41c2-aa9b-9ffa435d6262 (type=HEARTBEAT, length=2247 bytes) from mynifi:8080 in 1 millis
2024-06-02 20:00:40,598 INFO [Clustering Tasks Thread-3] o.a.n.c.c.ClusterProtocolHeartbeater Heartbeat created at 2024-06-02 20:00:40,593 and sent to mynifi:8082 at 2024-06-02 20:00:40,598; send took 4 millis
2024-06-02 20:00:41,095 INFO [Heartbeat Monitor Thread-1] o.a.n.c.c.h.AbstractHeartbeatMonitor Finished processing 1 heartbeats in 9600 nanos
2024-06-02 20:00:42,190 INFO [Cleanup Archive for default] o.a.n.c.repository.FileSystemRepository Successfully deleted 0 files (0 bytes) from archive
2024-06-02 20:00:45,601 INFO [Process Cluster Protocol Request-4] o.a.n.c.p.impl.SocketProtocolListener Finished processing request acbc30c6-3a1c-4486-911f-b1b3799aaff1 (type=HEARTBEAT, length=2247 bytes) from mynifi:8080 in 1 millis
2024-06-02 20:00:45,603 INFO [Clustering Tasks Thread-3] o.a.n.c.c.ClusterProtocolHeartbeater Heartbeat created at 2024-06-02 20:00:45,598 and sent to mynifi:8082 at 2024-06-02 20:00:45,603; send took 4 millis
2024-06-02 20:00:46,095 INFO [Heartbeat Monitor Thread-1] o.a.n.c.c.h.AbstractHeartbeatMonitor Finished processing 1 heartbeats in 6500 nanos
2024-06-02 20:00:50,607 INFO [Process Cluster Protocol Request-5] o.a.n.c.p.impl.SocketProtocolListener Finished processing request ba3ac476-c8c7-4fd4-ab42-77f9cce7388a (type=HEARTBEAT, length=2247 bytes) from mynifi:8080 in 1 millis
2024-06-02 20:00:50,608 INFO [Clustering Tasks Thread-3] o.a.n.c.c.ClusterProtocolHeartbeater Heartbeat created at 2024-06-02 20:00:50,604 and sent to mynifi:8082 at 2024-06-02 20:00:50,608; send took 4 millis
2024-06-02 20:00:51,096 INFO [Heartbeat Monitor Thread-1] o.a.n.c.c.h.AbstractHeartbeatMonitor Finished processing 1 heartbeats in 7200 nanos
2024-06-02 20:00:52,443 ERROR [Timer-Driven Process Thread-10] o.a.nifi.processors.mqtt.ConsumeMQTT ConsumeMQTT[id=99cb2d62-018d-1000-ffff-ffff95d70688] Connection to tcp://172.20.10.3:8883 lost (or was never connected) and connection failed. Yielding processor: java.net.ConnectException: Connection refused (Connection refused)
↳ causes: Unable to connect to server (32103) - java.net.ConnectException: Connection refused (Connection refused)
org.eclipse.paho.client.mqttv3.MqttException: Unable to connect to server
	at org.eclipse.paho.client.mqttv3.internal.TCPNetworkModule.start(TCPNetworkModule.java:80)
	at org.eclipse.paho.client.mqttv3.internal.ClientComms$ConnectBG.run(ClientComms.java:722)
	at java.lang.Thread.run(Thread.java:748)
Caused by: java.net.ConnectException: Connection refused (Connection refused)
	at java.net.PlainSocketImpl.socketConnect(Native Method)
	at java.net.AbstractPlainSocketImpl.doConnect(AbstractPlainSocketImpl.java:350)
	at java.net.AbstractPlainSocketImpl.connectToAddress(AbstractPlainSocketImpl.java:206)
	at java.net.AbstractPlainSocketImpl.connect(AbstractPlainSocketImpl.java:188)
	at java.net.SocksSocketImpl.connect(SocksSocketImpl.java:392)
	at java.net.Socket.connect(Socket.java:607)
	at org.eclipse.paho.client.mqttv3.internal.TCPNetworkModule.start(TCPNetworkModule.java:74)
	... 2 common frames omitted
2024-06-02 20:00:55,612 INFO [Process Cluster Protocol Request-6] o.a.n.c.p.impl.SocketProtocolListener Finished processing request 54669927-bad2-473e-95e0-961a4f0c4437 (type=HEARTBEAT, length=2247 bytes) from mynifi:8080 in 1 millis
2024-06-02 20:00:55,613 INFO [Clustering Tasks Thread-3] o.a.n.c.c.ClusterProtocolHeartbeater Heartbeat created at 2024-06-02 20:00:55,608 and sent to mynifi:8082 at 2024-06-02 20:00:55,613; send took 4 millis
2024-06-02 20:00:56,096 INFO [Heartbeat Monitor Thread-1] o.a.n.c.c.h.AbstractHeartbeatMonitor Finished processing 1 heartbeats in 8700 nanos
2024-06-02 20:00:59,962 INFO [pool-13-thread-1] o.a.n.c.r.WriteAheadFlowFileRepository Initiating checkpoint of FlowFile Repository
2024-06-02 20:00:59,963 INFO [pool-13-thread-1] o.a.n.c.r.WriteAheadFlowFileRepository Successfully checkpointed FlowFile Repository with 4505 records in 0 milliseconds
2024-06-02 20:01:00,616 INFO [Process Cluster Protocol Request-7] o.a.n.c.p.impl.SocketProtocolListener Finished processing request f6aa0dd9-4a2e-4ab6-8e60-3b23ec3f79e9 (type=HEARTBEAT, length=2247 bytes) from mynifi:8080 in 1 millis
2024-06-02 20:01:00,618 INFO [Clustering Tasks Thread-3] o.a.n.c.c.ClusterProtocolHeartbeater Heartbeat created at 2024-06-02 20:01:00,614 and sent to mynifi:8082 at 2024-06-02 20:01:00,618; send took 4 millis
2024-06-02 20:01:01,097 INFO [Heartbeat Monitor Thread-1] o.a.n.c.c.h.AbstractHeartbeatMonitor Finished processing 1 heartbeats in 5900 nanos
2024-06-02 20:01:05,630 INFO [Process Cluster Protocol Request-8] o.a.n.c.p.impl.SocketProtocolListener Finished processing request 99cb2e44-ce79-4494-b9de-f4cf27166761 (type=HEARTBEAT, length=2247 bytes) from mynifi:8080 in 4 millis
2024-06-02 20:01:05,636 INFO [Clustering Tasks Thread-3] o.a.n.c.c.ClusterProtocolHeartbeater Heartbeat created at 2024-06-02 20:01:05,619 and sent to mynifi:8082 at 2024-06-02 20:01:05,635; send took 16 millis
2024-06-02 20:01:06,098 INFO [Heartbeat Monitor Thread-1] o.a.n.c.c.h.AbstractHeartbeatMonitor Finished processing 1 heartbeats in 7100 nanos
2024-06-02 20:01:10,639 INFO [Process Cluster Protocol Request-9] o.a.n.c.p.impl.SocketProtocolListener Finished processing request 3af61a9e-4639-4c5b-b3db-f6a11652f409 (type=HEARTBEAT, length=2247 bytes) from mynifi:8080 in 1 millis
2024-06-02 20:01:10,641 INFO [Clustering Tasks Thread-3] o.a.n.c.c.ClusterProtocolHeartbeater Heartbeat created at 2024-06-02 20:01:10,636 and sent to mynifi:8082 at 2024-06-02 20:01:10,641; send took 4 millis
2024-06-02 20:01:11,098 INFO [Heartbeat Monitor Thread-1] o.a.n.c.c.h.AbstractHeartbeatMonitor Finished processing 1 heartbeats in 6400 nanos
2024-06-02 20:01:15,644 INFO [Process Cluster Protocol Request-10] o.a.n.c.p.impl.SocketProtocolListener Finished processing request 9956e8d3-4719-4ad9-96ea-160d7abc1f78 (type=HEARTBEAT, length=2247 bytes) from mynifi:8080 in 1 millis
2024-06-02 20:01:15,646 INFO [Clustering Tasks Thread-3] o.a.n.c.c.ClusterProtocolHeartbeater Heartbeat created at 2024-06-02 20:01:15,641 and sent to mynifi:8082 at 2024-06-02 20:01:15,646; send took 4 millis
2024-06-02 20:01:16,099 INFO [Heartbeat Monitor Thread-1] o.a.n.c.c.h.AbstractHeartbeatMonitor Finished processing 1 heartbeats in 7100 nanos
2024-06-02 20:01:19,963 INFO [pool-13-thread-1] o.a.n.c.r.WriteAheadFlowFileRepository Initiating checkpoint of FlowFile Repository
2024-06-02 20:01:19,964 INFO [pool-13-thread-1] o.a.n.c.r.WriteAheadFlowFileRepository Successfully checkpointed FlowFile Repository with 4505 records in 0 milliseconds
2024-06-02 20:01:20,649 INFO [Process Cluster Protocol Request-1] o.a.n.c.p.impl.SocketProtocolListener Finished processing request 568d3687-c38d-4a6c-8a4b-9f9a1b057fdf (type=HEARTBEAT, length=2247 bytes) from mynifi:8080 in 1 millis
2024-06-02 20:01:20,651 INFO [Clustering Tasks Thread-3] o.a.n.c.c.ClusterProtocolHeartbeater Heartbeat created at 2024-06-02 20:01:20,646 and sent to mynifi:8082 at 2024-06-02 20:01:20,651; send took 4 millis
2024-06-02 20:01:21,100 INFO [Heartbeat Monitor Thread-1] o.a.n.c.c.h.AbstractHeartbeatMonitor Finished processing 1 heartbeats in 6700 nanos
2024-06-02 20:01:25,654 INFO [Process Cluster Protocol Request-2] o.a.n.c.p.impl.SocketProtocolListener Finished processing request f82e5905-c375-4213-96ac-eb128a22d504 (type=HEARTBEAT, length=2247 bytes) from mynifi:8080 in 1 millis
2024-06-02 20:01:25,655 INFO [Clustering Tasks Thread-3] o.a.n.c.c.ClusterProtocolHeartbeater Heartbeat created at 2024-06-02 20:01:25,651 and sent to mynifi:8082 at 2024-06-02 20:01:25,655; send took 3 millis
2024-06-02 20:01:26,100 INFO [Heartbeat Monitor Thread-1] o.a.n.c.c.h.AbstractHeartbeatMonitor Finished processing 1 heartbeats in 16500 nanos
2024-06-02 20:01:30,659 INFO [Process Cluster Protocol Request-3] o.a.n.c.p.impl.SocketProtocolListener Finished processing request fe04f4d4-147b-4f4e-97f2-99eb1953402e (type=HEARTBEAT, length=2247 bytes) from mynifi:8080 in 1 millis
2024-06-02 20:01:30,661 INFO [Clustering Tasks Thread-3] o.a.n.c.c.ClusterProtocolHeartbeater Heartbeat created at 2024-06-02 20:01:30,656 and sent to mynifi:8082 at 2024-06-02 20:01:30,661; send took 5 millis
2024-06-02 20:01:31,102 INFO [Heartbeat Monitor Thread-1] o.a.n.c.c.h.AbstractHeartbeatMonitor Finished processing 1 heartbeats in 9300 nanos
2024-06-02 20:01:35,542 ERROR [Timer-Driven Process Thread-9] o.a.nifi.processors.mqtt.ConsumeMQTT ConsumeMQTT[id=99cb2d62-018d-1000-ffff-ffff95d70688] Connection to tcp://172.20.10.3:8883 lost (or was never connected) and connection failed. Yielding processor: java.net.ConnectException: Connection refused (Connection refused)
↳ causes: Unable to connect to server (32103) - java.net.ConnectException: Connection refused (Connection refused)
org.eclipse.paho.client.mqttv3.MqttException: Unable to connect to server
	at org.eclipse.paho.client.mqttv3.internal.TCPNetworkModule.start(TCPNetworkModule.java:80)
	at org.eclipse.paho.client.mqttv3.internal.ClientComms$ConnectBG.run(ClientComms.java:722)
	at java.lang.Thread.run(Thread.java:748)
Caused by: java.net.ConnectException: Connection refused (Connection refused)
	at java.net.PlainSocketImpl.socketConnect(Native Method)
	at java.net.AbstractPlainSocketImpl.doConnect(AbstractPlainSocketImpl.java:350)
	at java.net.AbstractPlainSocketImpl.connectToAddress(AbstractPlainSocketImpl.java:206)
	at java.net.AbstractPlainSocketImpl.connect(AbstractPlainSocketImpl.java:188)
	at java.net.SocksSocketImpl.connect(SocksSocketImpl.java:392)
	at java.net.Socket.connect(Socket.java:607)
	at org.eclipse.paho.client.mqttv3.internal.TCPNetworkModule.start(TCPNetworkModule.java:74)
	... 2 common frames omitted
2024-06-02 20:01:35,664 INFO [Process Cluster Protocol Request-4] o.a.n.c.p.impl.SocketProtocolListener Finished processing request 0a22cdfc-b2dd-426d-9ecb-a9945c0bb2e6 (type=HEARTBEAT, length=2247 bytes) from mynifi:8080 in 1 millis
2024-06-02 20:01:35,665 INFO [Clustering Tasks Thread-3] o.a.n.c.c.ClusterProtocolHeartbeater Heartbeat created at 2024-06-02 20:01:35,661 and sent to mynifi:8082 at 2024-06-02 20:01:35,665; send took 4 millis
2024-06-02 20:01:36,103 INFO [Heartbeat Monitor Thread-1] o.a.n.c.c.h.AbstractHeartbeatMonitor Finished processing 1 heartbeats in 6800 nanos
2024-06-02 20:01:39,965 INFO [pool-13-thread-1] o.a.n.c.r.WriteAheadFlowFileRepository Initiating checkpoint of FlowFile Repository
2024-06-02 20:01:39,965 INFO [pool-13-thread-1] o.a.n.c.r.WriteAheadFlowFileRepository Successfully checkpointed FlowFile Repository with 4505 records in 0 milliseconds
2024-06-02 20:01:40,669 INFO [Process Cluster Protocol Request-5] o.a.n.c.p.impl.SocketProtocolListener Finished processing request 6cdeafc4-bf7b-4110-bbab-e47be23e15af (type=HEARTBEAT, length=2247 bytes) from mynifi:8080 in 1 millis
2024-06-02 20:01:40,670 INFO [Clustering Tasks Thread-3] o.a.n.c.c.ClusterProtocolHeartbeater Heartbeat created at 2024-06-02 20:01:40,666 and sent to mynifi:8082 at 2024-06-02 20:01:40,670; send took 3 millis
2024-06-02 20:01:41,103 INFO [Heartbeat Monitor Thread-1] o.a.n.c.c.h.AbstractHeartbeatMonitor Finished processing 1 heartbeats in 6600 nanos
2024-06-02 20:01:42,610 INFO [Cleanup Archive for default] o.a.n.c.repository.FileSystemRepository Successfully deleted 0 files (0 bytes) from archive
2024-06-02 20:01:45,673 INFO [Process Cluster Protocol Request-6] o.a.n.c.p.impl.SocketProtocolListener Finished processing request 0ce6212e-63ce-41fa-b016-50336c0bb138 (type=HEARTBEAT, length=2247 bytes) from mynifi:8080 in 1 millis
2024-06-02 20:01:45,674 INFO [Clustering Tasks Thread-3] o.a.n.c.c.ClusterProtocolHeartbeater Heartbeat created at 2024-06-02 20:01:45,670 and sent to mynifi:8082 at 2024-06-02 20:01:45,674; send took 3 millis
2024-06-02 20:01:46,103 INFO [Heartbeat Monitor Thread-1] o.a.n.c.c.h.AbstractHeartbeatMonitor Finished processing 1 heartbeats in 6500 nanos
2024-06-02 20:01:50,677 INFO [Process Cluster Protocol Request-7] o.a.n.c.p.impl.SocketProtocolListener Finished processing request 3ee5da14-6c81-48ce-a1de-6b3ca2a1d734 (type=HEARTBEAT, length=2247 bytes) from mynifi:8080 in 1 millis
2024-06-02 20:01:50,678 INFO [Clustering Tasks Thread-3] o.a.n.c.c.ClusterProtocolHeartbeater Heartbeat created at 2024-06-02 20:01:50,675 and sent to mynifi:8082 at 2024-06-02 20:01:50,678; send took 3 millis
2024-06-02 20:01:51,104 INFO [Heartbeat Monitor Thread-1] o.a.n.c.c.h.AbstractHeartbeatMonitor Finished processing 1 heartbeats in 15900 nanos
2024-06-02 20:01:55,682 INFO [Process Cluster Protocol Request-8] o.a.n.c.p.impl.SocketProtocolListener Finished processing request 3875bd16-4f9f-4e92-a2c1-a398533da40d (type=HEARTBEAT, length=2247 bytes) from mynifi:8080 in 1 millis
2024-06-02 20:01:55,683 INFO [Clustering Tasks Thread-3] o.a.n.c.c.ClusterProtocolHeartbeater Heartbeat created at 2024-06-02 20:01:55,679 and sent to mynifi:8082 at 2024-06-02 20:01:55,683; send took 4 millis
2024-06-02 20:01:56,105 INFO [Heartbeat Monitor Thread-1] o.a.n.c.c.h.AbstractHeartbeatMonitor Finished processing 1 heartbeats in 5600 nanos
2024-06-02 20:01:59,965 INFO [pool-13-thread-1] o.a.n.c.r.WriteAheadFlowFileRepository Initiating checkpoint of FlowFile Repository
2024-06-02 20:01:59,967 INFO [pool-13-thread-1] o.a.n.c.r.WriteAheadFlowFileRepository Successfully checkpointed FlowFile Repository with 4505 records in 0 milliseconds
2024-06-02 20:02:00,686 INFO [Process Cluster Protocol Request-9] o.a.n.c.p.impl.SocketProtocolListener Finished processing request 4efecc67-2d12-4ac6-b233-42bc9c6a07be (type=HEARTBEAT, length=2247 bytes) from mynifi:8080 in 1 millis
2024-06-02 20:02:00,687 INFO [Clustering Tasks Thread-3] o.a.n.c.c.ClusterProtocolHeartbeater Heartbeat created at 2024-06-02 20:02:00,683 and sent to mynifi:8082 at 2024-06-02 20:02:00,687; send took 3 millis
2024-06-02 20:02:01,106 INFO [Heartbeat Monitor Thread-1] o.a.n.c.c.h.AbstractHeartbeatMonitor Finished processing 1 heartbeats in 7400 nanos
2024-06-02 20:02:05,691 INFO [Process Cluster Protocol Request-10] o.a.n.c.p.impl.SocketProtocolListener Finished processing request aa456408-a98c-4f91-a732-8128c325bbea (type=HEARTBEAT, length=2247 bytes) from mynifi:8080 in 1 millis
2024-06-02 20:02:05,692 INFO [Clustering Tasks Thread-3] o.a.n.c.c.ClusterProtocolHeartbeater Heartbeat created at 2024-06-02 20:02:05,688 and sent to mynifi:8082 at 2024-06-02 20:02:05,692; send took 4 millis
2024-06-02 20:02:06,107 INFO [Heartbeat Monitor Thread-1] o.a.n.c.c.h.AbstractHeartbeatMonitor Finished processing 1 heartbeats in 17399 nanos
2024-06-02 20:02:10,696 INFO [Process Cluster Protocol Request-1] o.a.n.c.p.impl.SocketProtocolListener Finished processing request b838204b-7972-4060-9fe4-79dc98aa2d27 (type=HEARTBEAT, length=2247 bytes) from mynifi:8080 in 1 millis
2024-06-02 20:02:10,697 INFO [Clustering Tasks Thread-3] o.a.n.c.c.ClusterProtocolHeartbeater Heartbeat created at 2024-06-02 20:02:10,692 and sent to mynifi:8082 at 2024-06-02 20:02:10,697; send took 4 millis
2024-06-02 20:02:11,109 INFO [Heartbeat Monitor Thread-1] o.a.n.c.c.h.AbstractHeartbeatMonitor Finished processing 1 heartbeats in 5600 nanos
2024-06-02 20:02:15,254 INFO [Write-Ahead Local State Provider Maintenance] org.wali.MinimalLockingWriteAheadLog org.wali.MinimalLockingWriteAheadLog@6f52a229 checkpointed with 6 Records and 0 Swap Files in 142 milliseconds (Stop-the-world time = 42 milliseconds, Clear Edit Logs time = 91 millis), max Transaction ID 143
2024-06-02 20:02:15,701 INFO [Process Cluster Protocol Request-2] o.a.n.c.p.impl.SocketProtocolListener Finished processing request a4d0eb69-1688-4dc9-be02-19cb78f68714 (type=HEARTBEAT, length=2247 bytes) from mynifi:8080 in 1 millis
2024-06-02 20:02:15,702 INFO [Clustering Tasks Thread-3] o.a.n.c.c.ClusterProtocolHeartbeater Heartbeat created at 2024-06-02 20:02:15,698 and sent to mynifi:8082 at 2024-06-02 20:02:15,702; send took 4 millis
2024-06-02 20:02:16,109 INFO [Heartbeat Monitor Thread-1] o.a.n.c.c.h.AbstractHeartbeatMonitor Finished processing 1 heartbeats in 6000 nanos
2024-06-02 20:02:18,621 ERROR [Timer-Driven Process Thread-8] o.a.nifi.processors.mqtt.ConsumeMQTT ConsumeMQTT[id=99cb2d62-018d-1000-ffff-ffff95d70688] Connection to tcp://172.20.10.3:8883 lost (or was never connected) and connection failed. Yielding processor: java.net.ConnectException: Connection refused (Connection refused)
↳ causes: Unable to connect to server (32103) - java.net.ConnectException: Connection refused (Connection refused)
org.eclipse.paho.client.mqttv3.MqttException: Unable to connect to server
	at org.eclipse.paho.client.mqttv3.internal.TCPNetworkModule.start(TCPNetworkModule.java:80)
	at org.eclipse.paho.client.mqttv3.internal.ClientComms$ConnectBG.run(ClientComms.java:722)
	at java.lang.Thread.run(Thread.java:748)
Caused by: java.net.ConnectException: Connection refused (Connection refused)
	at java.net.PlainSocketImpl.socketConnect(Native Method)
	at java.net.AbstractPlainSocketImpl.doConnect(AbstractPlainSocketImpl.java:350)
	at java.net.AbstractPlainSocketImpl.connectToAddress(AbstractPlainSocketImpl.java:206)
	at java.net.AbstractPlainSocketImpl.connect(AbstractPlainSocketImpl.java:188)
	at java.net.SocksSocketImpl.connect(SocksSocketImpl.java:392)
	at java.net.Socket.connect(Socket.java:607)
	at org.eclipse.paho.client.mqttv3.internal.TCPNetworkModule.start(TCPNetworkModule.java:74)
	... 2 common frames omitted
2024-06-02 20:02:19,968 INFO [pool-13-thread-1] o.a.n.c.r.WriteAheadFlowFileRepository Initiating checkpoint of FlowFile Repository
2024-06-02 20:02:19,969 INFO [pool-13-thread-1] o.a.n.c.r.WriteAheadFlowFileRepository Successfully checkpointed FlowFile Repository with 4505 records in 0 milliseconds
2024-06-02 20:02:20,706 INFO [Process Cluster Protocol Request-3] o.a.n.c.p.impl.SocketProtocolListener Finished processing request 05197f9f-4812-49bc-9b70-1716f4620da1 (type=HEARTBEAT, length=2247 bytes) from mynifi:8080 in 1 millis
2024-06-02 20:02:20,708 INFO [Clustering Tasks Thread-3] o.a.n.c.c.ClusterProtocolHeartbeater Heartbeat created at 2024-06-02 20:02:20,703 and sent to mynifi:8082 at 2024-06-02 20:02:20,708; send took 5 millis
2024-06-02 20:02:21,110 INFO [Heartbeat Monitor Thread-1] o.a.n.c.c.h.AbstractHeartbeatMonitor Finished processing 1 heartbeats in 6900 nanos
2024-06-02 20:02:25,712 INFO [Process Cluster Protocol Request-4] o.a.n.c.p.impl.SocketProtocolListener Finished processing request 682d6ce8-6f92-4ed2-97f5-312a32ca0307 (type=HEARTBEAT, length=2247 bytes) from mynifi:8080 in 1 millis
2024-06-02 20:02:25,713 INFO [Clustering Tasks Thread-3] o.a.n.c.c.ClusterProtocolHeartbeater Heartbeat created at 2024-06-02 20:02:25,708 and sent to mynifi:8082 at 2024-06-02 20:02:25,713; send took 5 millis
2024-06-02 20:02:26,111 INFO [Heartbeat Monitor Thread-1] o.a.n.c.c.h.AbstractHeartbeatMonitor Finished processing 1 heartbeats in 27600 nanos
2024-06-02 20:02:30,716 INFO [Process Cluster Protocol Request-5] o.a.n.c.p.impl.SocketProtocolListener Finished processing request dbebb622-e2b7-4c47-b1f7-f0b5712cfe46 (type=HEARTBEAT, length=2247 bytes) from mynifi:8080 in 1 millis
2024-06-02 20:02:30,717 INFO [Clustering Tasks Thread-3] o.a.n.c.c.ClusterProtocolHeartbeater Heartbeat created at 2024-06-02 20:02:30,714 and sent to mynifi:8082 at 2024-06-02 20:02:30,717; send took 3 millis
2024-06-02 20:02:31,111 INFO [Heartbeat Monitor Thread-1] o.a.n.c.c.h.AbstractHeartbeatMonitor Finished processing 1 heartbeats in 15600 nanos
2024-06-02 20:02:35,720 INFO [Process Cluster Protocol Request-6] o.a.n.c.p.impl.SocketProtocolListener Finished processing request 6d05c157-d597-4c9f-9984-61305908da3b (type=HEARTBEAT, length=2247 bytes) from mynifi:8080 in 1 millis
2024-06-02 20:02:35,721 INFO [Clustering Tasks Thread-3] o.a.n.c.c.ClusterProtocolHeartbeater Heartbeat created at 2024-06-02 20:02:35,718 and sent to mynifi:8082 at 2024-06-02 20:02:35,721; send took 3 millis
2024-06-02 20:02:36,112 INFO [Heartbeat Monitor Thread-1] o.a.n.c.c.h.AbstractHeartbeatMonitor Finished processing 1 heartbeats in 6300 nanos
2024-06-02 20:02:39,969 INFO [pool-13-thread-1] o.a.n.c.r.WriteAheadFlowFileRepository Initiating checkpoint of FlowFile Repository
2024-06-02 20:02:39,970 INFO [pool-13-thread-1] o.a.n.c.r.WriteAheadFlowFileRepository Successfully checkpointed FlowFile Repository with 4505 records in 0 milliseconds
2024-06-02 20:02:40,725 INFO [Process Cluster Protocol Request-7] o.a.n.c.p.impl.SocketProtocolListener Finished processing request c359f6db-e094-4c5d-8a41-3c000ae6f21c (type=HEARTBEAT, length=2247 bytes) from mynifi:8080 in 1 millis
2024-06-02 20:02:40,726 INFO [Clustering Tasks Thread-3] o.a.n.c.c.ClusterProtocolHeartbeater Heartbeat created at 2024-06-02 20:02:40,721 and sent to mynifi:8082 at 2024-06-02 20:02:40,726; send took 5 millis
2024-06-02 20:02:41,113 INFO [Heartbeat Monitor Thread-1] o.a.n.c.c.h.AbstractHeartbeatMonitor Finished processing 1 heartbeats in 16300 nanos
2024-06-02 20:02:43,035 INFO [Cleanup Archive for default] o.a.n.c.repository.FileSystemRepository Successfully deleted 0 files (0 bytes) from archive
2024-06-02 20:02:45,729 INFO [Process Cluster Protocol Request-8] o.a.n.c.p.impl.SocketProtocolListener Finished processing request 291911dd-783b-4cec-abc4-d20a0ed18648 (type=HEARTBEAT, length=2247 bytes) from mynifi:8080 in 1 millis
2024-06-02 20:02:45,730 INFO [Clustering Tasks Thread-3] o.a.n.c.c.ClusterProtocolHeartbeater Heartbeat created at 2024-06-02 20:02:45,727 and sent to mynifi:8082 at 2024-06-02 20:02:45,730; send took 3 millis
2024-06-02 20:02:46,114 INFO [Heartbeat Monitor Thread-1] o.a.n.c.c.h.AbstractHeartbeatMonitor Finished processing 1 heartbeats in 6600 nanos
2024-06-02 20:02:50,735 INFO [Process Cluster Protocol Request-9] o.a.n.c.p.impl.SocketProtocolListener Finished processing request 6748dacd-4ca7-405a-aad6-d58674aec01c (type=HEARTBEAT, length=2247 bytes) from mynifi:8080 in 1 millis
2024-06-02 20:02:50,737 INFO [Clustering Tasks Thread-3] o.a.n.c.c.ClusterProtocolHeartbeater Heartbeat created at 2024-06-02 20:02:50,731 and sent to mynifi:8082 at 2024-06-02 20:02:50,737; send took 5 millis
2024-06-02 20:02:51,114 INFO [Heartbeat Monitor Thread-1] o.a.n.c.c.h.AbstractHeartbeatMonitor Finished processing 1 heartbeats in 6300 nanos
2024-06-02 20:02:55,740 INFO [Process Cluster Protocol Request-10] o.a.n.c.p.impl.SocketProtocolListener Finished processing request 2fc3ca9d-6a5b-4a5e-a6a6-4ae8b836f9d4 (type=HEARTBEAT, length=2247 bytes) from mynifi:8080 in 1 millis
2024-06-02 20:02:55,741 INFO [Clustering Tasks Thread-3] o.a.n.c.c.ClusterProtocolHeartbeater Heartbeat created at 2024-06-02 20:02:55,737 and sent to mynifi:8082 at 2024-06-02 20:02:55,741; send took 4 millis
2024-06-02 20:02:56,114 INFO [Heartbeat Monitor Thread-1] o.a.n.c.c.h.AbstractHeartbeatMonitor Finished processing 1 heartbeats in 7601 nanos
2024-06-02 20:02:59,970 INFO [pool-13-thread-1] o.a.n.c.r.WriteAheadFlowFileRepository Initiating checkpoint of FlowFile Repository
2024-06-02 20:02:59,971 INFO [pool-13-thread-1] o.a.n.c.r.WriteAheadFlowFileRepository Successfully checkpointed FlowFile Repository with 4505 records in 0 milliseconds
2024-06-02 20:03:00,745 INFO [Process Cluster Protocol Request-1] o.a.n.c.p.impl.SocketProtocolListener Finished processing request d50ebbd5-a7b7-452e-a99b-df2e90b4a1ec (type=HEARTBEAT, length=2247 bytes) from mynifi:8080 in 1 millis
2024-06-02 20:03:00,746 INFO [Clustering Tasks Thread-3] o.a.n.c.c.ClusterProtocolHeartbeater Heartbeat created at 2024-06-02 20:03:00,742 and sent to mynifi:8082 at 2024-06-02 20:03:00,746; send took 4 millis
2024-06-02 20:03:01,115 INFO [Heartbeat Monitor Thread-1] o.a.n.c.c.h.AbstractHeartbeatMonitor Finished processing 1 heartbeats in 5500 nanos
2024-06-02 20:03:01,694 ERROR [Timer-Driven Process Thread-4] o.a.nifi.processors.mqtt.ConsumeMQTT ConsumeMQTT[id=99cb2d62-018d-1000-ffff-ffff95d70688] Connection to tcp://172.20.10.3:8883 lost (or was never connected) and connection failed. Yielding processor: java.net.ConnectException: Connection refused (Connection refused)
↳ causes: Unable to connect to server (32103) - java.net.ConnectException: Connection refused (Connection refused)
org.eclipse.paho.client.mqttv3.MqttException: Unable to connect to server
	at org.eclipse.paho.client.mqttv3.internal.TCPNetworkModule.start(TCPNetworkModule.java:80)
	at org.eclipse.paho.client.mqttv3.internal.ClientComms$ConnectBG.run(ClientComms.java:722)
	at java.lang.Thread.run(Thread.java:748)
Caused by: java.net.ConnectException: Connection refused (Connection refused)
	at java.net.PlainSocketImpl.socketConnect(Native Method)
	at java.net.AbstractPlainSocketImpl.doConnect(AbstractPlainSocketImpl.java:350)
	at java.net.AbstractPlainSocketImpl.connectToAddress(AbstractPlainSocketImpl.java:206)
	at java.net.AbstractPlainSocketImpl.connect(AbstractPlainSocketImpl.java:188)
	at java.net.SocksSocketImpl.connect(SocksSocketImpl.java:392)
	at java.net.Socket.connect(Socket.java:607)
	at org.eclipse.paho.client.mqttv3.internal.TCPNetworkModule.start(TCPNetworkModule.java:74)
	... 2 common frames omitted
2024-06-02 20:03:05,750 INFO [Process Cluster Protocol Request-2] o.a.n.c.p.impl.SocketProtocolListener Finished processing request 464c54a3-0e4c-4dbc-a339-87edf4edd98b (type=HEARTBEAT, length=2247 bytes) from mynifi:8080 in 1 millis
2024-06-02 20:03:05,751 INFO [Clustering Tasks Thread-3] o.a.n.c.c.ClusterProtocolHeartbeater Heartbeat created at 2024-06-02 20:03:05,747 and sent to mynifi:8082 at 2024-06-02 20:03:05,751; send took 4 millis
2024-06-02 20:03:06,116 INFO [Heartbeat Monitor Thread-1] o.a.n.c.c.h.AbstractHeartbeatMonitor Finished processing 1 heartbeats in 16601 nanos
2024-06-02 20:03:10,755 INFO [Process Cluster Protocol Request-3] o.a.n.c.p.impl.SocketProtocolListener Finished processing request f49a161e-2b4b-4e32-96ff-f36f10b2eaa3 (type=HEARTBEAT, length=2247 bytes) from mynifi:8080 in 1 millis
2024-06-02 20:03:10,757 INFO [Clustering Tasks Thread-3] o.a.n.c.c.ClusterProtocolHeartbeater Heartbeat created at 2024-06-02 20:03:10,752 and sent to mynifi:8082 at 2024-06-02 20:03:10,757; send took 5 millis
2024-06-02 20:03:11,118 INFO [Heartbeat Monitor Thread-1] o.a.n.c.c.h.AbstractHeartbeatMonitor Finished processing 1 heartbeats in 25801 nanos
2024-06-02 20:03:15,761 INFO [Process Cluster Protocol Request-4] o.a.n.c.p.impl.SocketProtocolListener Finished processing request 810f43ee-a109-4118-a62f-088b2dec41ee (type=HEARTBEAT, length=2247 bytes) from mynifi:8080 in 1 millis
2024-06-02 20:03:15,762 INFO [Clustering Tasks Thread-3] o.a.n.c.c.ClusterProtocolHeartbeater Heartbeat created at 2024-06-02 20:03:15,757 and sent to mynifi:8082 at 2024-06-02 20:03:15,762; send took 5 millis
2024-06-02 20:03:16,119 INFO [Heartbeat Monitor Thread-1] o.a.n.c.c.h.AbstractHeartbeatMonitor Finished processing 1 heartbeats in 16500 nanos
2024-06-02 20:03:19,972 INFO [pool-13-thread-1] o.a.n.c.r.WriteAheadFlowFileRepository Initiating checkpoint of FlowFile Repository
2024-06-02 20:03:19,972 INFO [pool-13-thread-1] o.a.n.c.r.WriteAheadFlowFileRepository Successfully checkpointed FlowFile Repository with 4505 records in 0 milliseconds
2024-06-02 20:03:20,765 INFO [Process Cluster Protocol Request-5] o.a.n.c.p.impl.SocketProtocolListener Finished processing request 1a86b65c-2243-454c-bd20-1d40ad0a0510 (type=HEARTBEAT, length=2247 bytes) from mynifi:8080 in 1 millis
2024-06-02 20:03:20,766 INFO [Clustering Tasks Thread-3] o.a.n.c.c.ClusterProtocolHeartbeater Heartbeat created at 2024-06-02 20:03:20,763 and sent to mynifi:8082 at 2024-06-02 20:03:20,766; send took 3 millis
2024-06-02 20:03:21,121 INFO [Heartbeat Monitor Thread-1] o.a.n.c.c.h.AbstractHeartbeatMonitor Finished processing 1 heartbeats in 7301 nanos
2024-06-02 20:03:25,769 INFO [Process Cluster Protocol Request-6] o.a.n.c.p.impl.SocketProtocolListener Finished processing request 4b632af3-a863-4d16-b7ce-a179f649ac35 (type=HEARTBEAT, length=2247 bytes) from mynifi:8080 in 1 millis
2024-06-02 20:03:25,770 INFO [Clustering Tasks Thread-3] o.a.n.c.c.ClusterProtocolHeartbeater Heartbeat created at 2024-06-02 20:03:25,766 and sent to mynifi:8082 at 2024-06-02 20:03:25,770; send took 3 millis
2024-06-02 20:03:26,121 INFO [Heartbeat Monitor Thread-1] o.a.n.c.c.h.AbstractHeartbeatMonitor Finished processing 1 heartbeats in 5800 nanos
2024-06-02 20:03:30,775 INFO [Process Cluster Protocol Request-7] o.a.n.c.p.impl.SocketProtocolListener Finished processing request 869e796f-ef5b-4a0f-a92a-9e75eadd9569 (type=HEARTBEAT, length=2247 bytes) from mynifi:8080 in 1 millis
2024-06-02 20:03:30,776 INFO [Clustering Tasks Thread-3] o.a.n.c.c.ClusterProtocolHeartbeater Heartbeat created at 2024-06-02 20:03:30,771 and sent to mynifi:8082 at 2024-06-02 20:03:30,776; send took 5 millis
2024-06-02 20:03:31,122 INFO [Heartbeat Monitor Thread-1] o.a.n.c.c.h.AbstractHeartbeatMonitor Finished processing 1 heartbeats in 7500 nanos
2024-06-02 20:03:35,780 INFO [Process Cluster Protocol Request-8] o.a.n.c.p.impl.SocketProtocolListener Finished processing request 551d041b-a878-4eb3-905e-13589283ca4e (type=HEARTBEAT, length=2247 bytes) from mynifi:8080 in 1 millis
2024-06-02 20:03:35,781 INFO [Clustering Tasks Thread-3] o.a.n.c.c.ClusterProtocolHeartbeater Heartbeat created at 2024-06-02 20:03:35,777 and sent to mynifi:8082 at 2024-06-02 20:03:35,781; send took 4 millis
2024-06-02 20:03:36,123 INFO [Heartbeat Monitor Thread-1] o.a.n.c.c.h.AbstractHeartbeatMonitor Finished processing 1 heartbeats in 12901 nanos
2024-06-02 20:03:39,973 INFO [pool-13-thread-1] o.a.n.c.r.WriteAheadFlowFileRepository Initiating checkpoint of FlowFile Repository
2024-06-02 20:03:39,973 INFO [pool-13-thread-1] o.a.n.c.r.WriteAheadFlowFileRepository Successfully checkpointed FlowFile Repository with 4505 records in 0 milliseconds
2024-06-02 20:03:40,786 INFO [Process Cluster Protocol Request-9] o.a.n.c.p.impl.SocketProtocolListener Finished processing request cc604420-646a-4831-8b18-4dd4cade1458 (type=HEARTBEAT, length=2247 bytes) from mynifi:8080 in 1 millis
2024-06-02 20:03:40,787 INFO [Clustering Tasks Thread-3] o.a.n.c.c.ClusterProtocolHeartbeater Heartbeat created at 2024-06-02 20:03:40,782 and sent to mynifi:8082 at 2024-06-02 20:03:40,787; send took 5 millis
2024-06-02 20:03:41,124 INFO [Heartbeat Monitor Thread-1] o.a.n.c.c.h.AbstractHeartbeatMonitor Finished processing 1 heartbeats in 23500 nanos
2024-06-02 20:03:43,489 INFO [Cleanup Archive for default] o.a.n.c.repository.FileSystemRepository Successfully deleted 0 files (0 bytes) from archive
2024-06-02 20:03:44,760 ERROR [Timer-Driven Process Thread-8] o.a.nifi.processors.mqtt.ConsumeMQTT ConsumeMQTT[id=99cb2d62-018d-1000-ffff-ffff95d70688] Connection to tcp://172.20.10.3:8883 lost (or was never connected) and connection failed. Yielding processor: java.net.ConnectException: Connection refused (Connection refused)
↳ causes: Unable to connect to server (32103) - java.net.ConnectException: Connection refused (Connection refused)
org.eclipse.paho.client.mqttv3.MqttException: Unable to connect to server
	at org.eclipse.paho.client.mqttv3.internal.TCPNetworkModule.start(TCPNetworkModule.java:80)
	at org.eclipse.paho.client.mqttv3.internal.ClientComms$ConnectBG.run(ClientComms.java:722)
	at java.lang.Thread.run(Thread.java:748)
Caused by: java.net.ConnectException: Connection refused (Connection refused)
	at java.net.PlainSocketImpl.socketConnect(Native Method)
	at java.net.AbstractPlainSocketImpl.doConnect(AbstractPlainSocketImpl.java:350)
	at java.net.AbstractPlainSocketImpl.connectToAddress(AbstractPlainSocketImpl.java:206)
	at java.net.AbstractPlainSocketImpl.connect(AbstractPlainSocketImpl.java:188)
	at java.net.SocksSocketImpl.connect(SocksSocketImpl.java:392)
	at java.net.Socket.connect(Socket.java:607)
	at org.eclipse.paho.client.mqttv3.internal.TCPNetworkModule.start(TCPNetworkModule.java:74)
	... 2 common frames omitted
2024-06-02 20:03:45,792 INFO [Process Cluster Protocol Request-10] o.a.n.c.p.impl.SocketProtocolListener Finished processing request f5105e18-99bc-4424-8980-db65ee60b3e7 (type=HEARTBEAT, length=2247 bytes) from mynifi:8080 in 1 millis
2024-06-02 20:03:45,793 INFO [Clustering Tasks Thread-3] o.a.n.c.c.ClusterProtocolHeartbeater Heartbeat created at 2024-06-02 20:03:45,788 and sent to mynifi:8082 at 2024-06-02 20:03:45,793; send took 4 millis
2024-06-02 20:03:46,125 INFO [Heartbeat Monitor Thread-1] o.a.n.c.c.h.AbstractHeartbeatMonitor Finished processing 1 heartbeats in 6900 nanos
2024-06-02 20:03:50,797 INFO [Process Cluster Protocol Request-1] o.a.n.c.p.impl.SocketProtocolListener Finished processing request 19424d51-832b-4dfd-a06c-46605a32bb03 (type=HEARTBEAT, length=2247 bytes) from mynifi:8080 in 1 millis
2024-06-02 20:03:50,799 INFO [Clustering Tasks Thread-3] o.a.n.c.c.ClusterProtocolHeartbeater Heartbeat created at 2024-06-02 20:03:50,793 and sent to mynifi:8082 at 2024-06-02 20:03:50,799; send took 5 millis
2024-06-02 20:03:51,126 INFO [Heartbeat Monitor Thread-1] o.a.n.c.c.h.AbstractHeartbeatMonitor Finished processing 1 heartbeats in 7200 nanos
2024-06-02 20:03:55,802 INFO [Process Cluster Protocol Request-2] o.a.n.c.p.impl.SocketProtocolListener Finished processing request ac0d7cd5-891f-4e4f-88b9-13053d44938f (type=HEARTBEAT, length=2247 bytes) from mynifi:8080 in 1 millis
2024-06-02 20:03:55,803 INFO [Clustering Tasks Thread-3] o.a.n.c.c.ClusterProtocolHeartbeater Heartbeat created at 2024-06-02 20:03:55,799 and sent to mynifi:8082 at 2024-06-02 20:03:55,803; send took 4 millis
2024-06-02 20:03:56,126 INFO [Heartbeat Monitor Thread-1] o.a.n.c.c.h.AbstractHeartbeatMonitor Finished processing 1 heartbeats in 16400 nanos
2024-06-02 20:03:59,974 INFO [pool-13-thread-1] o.a.n.c.r.WriteAheadFlowFileRepository Initiating checkpoint of FlowFile Repository
2024-06-02 20:03:59,975 INFO [pool-13-thread-1] o.a.n.c.r.WriteAheadFlowFileRepository Successfully checkpointed FlowFile Repository with 4505 records in 0 milliseconds
2024-06-02 20:04:00,807 INFO [Process Cluster Protocol Request-3] o.a.n.c.p.impl.SocketProtocolListener Finished processing request bcca0d9b-34f0-4915-ad74-18e096d11023 (type=HEARTBEAT, length=2247 bytes) from mynifi:8080 in 1 millis
2024-06-02 20:04:00,808 INFO [Clustering Tasks Thread-3] o.a.n.c.c.ClusterProtocolHeartbeater Heartbeat created at 2024-06-02 20:04:00,804 and sent to mynifi:8082 at 2024-06-02 20:04:00,808; send took 3 millis
2024-06-02 20:04:01,128 INFO [Heartbeat Monitor Thread-1] o.a.n.c.c.h.AbstractHeartbeatMonitor Finished processing 1 heartbeats in 6400 nanos
2024-06-02 20:04:05,811 INFO [Process Cluster Protocol Request-4] o.a.n.c.p.impl.SocketProtocolListener Finished processing request 3de9bdc7-4979-4797-b449-af64b41f7d61 (type=HEARTBEAT, length=2247 bytes) from mynifi:8080 in 1 millis
2024-06-02 20:04:05,812 INFO [Clustering Tasks Thread-3] o.a.n.c.c.ClusterProtocolHeartbeater Heartbeat created at 2024-06-02 20:04:05,808 and sent to mynifi:8082 at 2024-06-02 20:04:05,812; send took 3 millis
2024-06-02 20:04:06,129 INFO [Heartbeat Monitor Thread-1] o.a.n.c.c.h.AbstractHeartbeatMonitor Finished processing 1 heartbeats in 6300 nanos
2024-06-02 20:04:10,815 INFO [Process Cluster Protocol Request-5] o.a.n.c.p.impl.SocketProtocolListener Finished processing request a01111d6-487a-48ef-ad20-b6df4c3199af (type=HEARTBEAT, length=2247 bytes) from mynifi:8080 in 1 millis
2024-06-02 20:04:10,817 INFO [Clustering Tasks Thread-3] o.a.n.c.c.ClusterProtocolHeartbeater Heartbeat created at 2024-06-02 20:04:10,812 and sent to mynifi:8082 at 2024-06-02 20:04:10,817; send took 4 millis
2024-06-02 20:04:11,130 INFO [Heartbeat Monitor Thread-1] o.a.n.c.c.h.AbstractHeartbeatMonitor Finished processing 1 heartbeats in 6600 nanos
2024-06-02 20:04:15,413 INFO [Write-Ahead Local State Provider Maintenance] org.wali.MinimalLockingWriteAheadLog org.wali.MinimalLockingWriteAheadLog@6f52a229 checkpointed with 6 Records and 0 Swap Files in 159 milliseconds (Stop-the-world time = 40 milliseconds, Clear Edit Logs time = 103 millis), max Transaction ID 143
2024-06-02 20:04:15,825 INFO [Process Cluster Protocol Request-6] o.a.n.c.p.impl.SocketProtocolListener Finished processing request b85af756-b58e-4be6-a7e5-b02d84db9679 (type=HEARTBEAT, length=2247 bytes) from mynifi:8080 in 3 millis
2024-06-02 20:04:15,828 INFO [Clustering Tasks Thread-3] o.a.n.c.c.ClusterProtocolHeartbeater Heartbeat created at 2024-06-02 20:04:15,818 and sent to mynifi:8082 at 2024-06-02 20:04:15,828; send took 9 millis
2024-06-02 20:04:16,130 INFO [Heartbeat Monitor Thread-1] o.a.n.c.c.h.AbstractHeartbeatMonitor Finished processing 1 heartbeats in 16100 nanos
2024-06-02 20:04:19,976 INFO [pool-13-thread-1] o.a.n.c.r.WriteAheadFlowFileRepository Initiating checkpoint of FlowFile Repository
2024-06-02 20:04:19,977 INFO [pool-13-thread-1] o.a.n.c.r.WriteAheadFlowFileRepository Successfully checkpointed FlowFile Repository with 4505 records in 0 milliseconds
2024-06-02 20:04:20,832 INFO [Process Cluster Protocol Request-7] o.a.n.c.p.impl.SocketProtocolListener Finished processing request 1004ce6b-d9d4-47f0-a880-5d8d9cc8b111 (type=HEARTBEAT, length=2247 bytes) from mynifi:8080 in 1 millis
2024-06-02 20:04:20,833 INFO [Clustering Tasks Thread-3] o.a.n.c.c.ClusterProtocolHeartbeater Heartbeat created at 2024-06-02 20:04:20,829 and sent to mynifi:8082 at 2024-06-02 20:04:20,833; send took 4 millis
2024-06-02 20:04:21,132 INFO [Heartbeat Monitor Thread-1] o.a.n.c.c.h.AbstractHeartbeatMonitor Finished processing 1 heartbeats in 5800 nanos
2024-06-02 20:04:25,837 INFO [Process Cluster Protocol Request-8] o.a.n.c.p.impl.SocketProtocolListener Finished processing request 1aae9cf7-c734-4adb-9053-7c0f5f6bbd0a (type=HEARTBEAT, length=2247 bytes) from mynifi:8080 in 1 millis
2024-06-02 20:04:25,838 INFO [Clustering Tasks Thread-3] o.a.n.c.c.ClusterProtocolHeartbeater Heartbeat created at 2024-06-02 20:04:25,834 and sent to mynifi:8082 at 2024-06-02 20:04:25,838; send took 4 millis
2024-06-02 20:04:26,133 INFO [Heartbeat Monitor Thread-1] o.a.n.c.c.h.AbstractHeartbeatMonitor Finished processing 1 heartbeats in 32300 nanos
2024-06-02 20:04:27,861 ERROR [Timer-Driven Process Thread-3] o.a.nifi.processors.mqtt.ConsumeMQTT ConsumeMQTT[id=99cb2d62-018d-1000-ffff-ffff95d70688] Connection to tcp://172.20.10.3:8883 lost (or was never connected) and connection failed. Yielding processor: java.net.ConnectException: Connection refused (Connection refused)
↳ causes: Unable to connect to server (32103) - java.net.ConnectException: Connection refused (Connection refused)
org.eclipse.paho.client.mqttv3.MqttException: Unable to connect to server
	at org.eclipse.paho.client.mqttv3.internal.TCPNetworkModule.start(TCPNetworkModule.java:80)
	at org.eclipse.paho.client.mqttv3.internal.ClientComms$ConnectBG.run(ClientComms.java:722)
	at java.lang.Thread.run(Thread.java:748)
Caused by: java.net.ConnectException: Connection refused (Connection refused)
	at java.net.PlainSocketImpl.socketConnect(Native Method)
	at java.net.AbstractPlainSocketImpl.doConnect(AbstractPlainSocketImpl.java:350)
	at java.net.AbstractPlainSocketImpl.connectToAddress(AbstractPlainSocketImpl.java:206)
	at java.net.AbstractPlainSocketImpl.connect(AbstractPlainSocketImpl.java:188)
	at java.net.SocksSocketImpl.connect(SocksSocketImpl.java:392)
	at java.net.Socket.connect(Socket.java:607)
	at org.eclipse.paho.client.mqttv3.internal.TCPNetworkModule.start(TCPNetworkModule.java:74)
	... 2 common frames omitted
2024-06-02 20:04:30,841 INFO [Process Cluster Protocol Request-9] o.a.n.c.p.impl.SocketProtocolListener Finished processing request 2a872095-7253-442d-bf4a-eb933deacf0f (type=HEARTBEAT, length=2247 bytes) from mynifi:8080 in 1 millis
2024-06-02 20:04:30,842 INFO [Clustering Tasks Thread-3] o.a.n.c.c.ClusterProtocolHeartbeater Heartbeat created at 2024-06-02 20:04:30,838 and sent to mynifi:8082 at 2024-06-02 20:04:30,842; send took 4 millis
2024-06-02 20:04:31,133 INFO [Heartbeat Monitor Thread-1] o.a.n.c.c.h.AbstractHeartbeatMonitor Finished processing 1 heartbeats in 6100 nanos
2024-06-02 20:04:35,846 INFO [Process Cluster Protocol Request-10] o.a.n.c.p.impl.SocketProtocolListener Finished processing request f580ad4b-decb-4ef9-ae67-34662b9f77ca (type=HEARTBEAT, length=2247 bytes) from mynifi:8080 in 1 millis
2024-06-02 20:04:35,847 INFO [Clustering Tasks Thread-3] o.a.n.c.c.ClusterProtocolHeartbeater Heartbeat created at 2024-06-02 20:04:35,843 and sent to mynifi:8082 at 2024-06-02 20:04:35,847; send took 3 millis
2024-06-02 20:04:36,134 INFO [Heartbeat Monitor Thread-1] o.a.n.c.c.h.AbstractHeartbeatMonitor Finished processing 1 heartbeats in 6700 nanos
2024-06-02 20:04:39,977 INFO [pool-13-thread-1] o.a.n.c.r.WriteAheadFlowFileRepository Initiating checkpoint of FlowFile Repository
2024-06-02 20:04:39,978 INFO [pool-13-thread-1] o.a.n.c.r.WriteAheadFlowFileRepository Successfully checkpointed FlowFile Repository with 4505 records in 0 milliseconds
2024-06-02 20:04:40,852 INFO [Process Cluster Protocol Request-1] o.a.n.c.p.impl.SocketProtocolListener Finished processing request 1f8e5341-2201-490c-9714-d19d526f8b00 (type=HEARTBEAT, length=2247 bytes) from mynifi:8080 in 1 millis
2024-06-02 20:04:40,854 INFO [Clustering Tasks Thread-3] o.a.n.c.c.ClusterProtocolHeartbeater Heartbeat created at 2024-06-02 20:04:40,847 and sent to mynifi:8082 at 2024-06-02 20:04:40,854; send took 6 millis
2024-06-02 20:04:41,135 INFO [Heartbeat Monitor Thread-1] o.a.n.c.c.h.AbstractHeartbeatMonitor Finished processing 1 heartbeats in 6500 nanos
2024-06-02 20:04:43,861 INFO [Cleanup Archive for default] o.a.n.c.repository.FileSystemRepository Successfully deleted 0 files (0 bytes) from archive
2024-06-02 20:04:45,857 INFO [Process Cluster Protocol Request-2] o.a.n.c.p.impl.SocketProtocolListener Finished processing request 32c26085-e80c-4991-9078-572d33fff55e (type=HEARTBEAT, length=2247 bytes) from mynifi:8080 in 1 millis
2024-06-02 20:04:45,858 INFO [Clustering Tasks Thread-3] o.a.n.c.c.ClusterProtocolHeartbeater Heartbeat created at 2024-06-02 20:04:45,854 and sent to mynifi:8082 at 2024-06-02 20:04:45,858; send took 3 millis
2024-06-02 20:04:46,135 INFO [Heartbeat Monitor Thread-1] o.a.n.c.c.h.AbstractHeartbeatMonitor Finished processing 1 heartbeats in 55101 nanos
2024-06-02 20:04:50,862 INFO [Process Cluster Protocol Request-3] o.a.n.c.p.impl.SocketProtocolListener Finished processing request bf0da863-ddcc-44cc-9684-0925474f5ead (type=HEARTBEAT, length=2247 bytes) from mynifi:8080 in 1 millis
2024-06-02 20:04:50,863 INFO [Clustering Tasks Thread-3] o.a.n.c.c.ClusterProtocolHeartbeater Heartbeat created at 2024-06-02 20:04:50,859 and sent to mynifi:8082 at 2024-06-02 20:04:50,863; send took 4 millis
2024-06-02 20:04:51,136 INFO [Heartbeat Monitor Thread-1] o.a.n.c.c.h.AbstractHeartbeatMonitor Finished processing 1 heartbeats in 5900 nanos
2024-06-02 20:04:55,868 INFO [Process Cluster Protocol Request-4] o.a.n.c.p.impl.SocketProtocolListener Finished processing request bfbf4b71-0370-4b4d-92ee-bd20f44dbc0f (type=HEARTBEAT, length=2247 bytes) from mynifi:8080 in 1 millis
2024-06-02 20:04:55,869 INFO [Clustering Tasks Thread-3] o.a.n.c.c.ClusterProtocolHeartbeater Heartbeat created at 2024-06-02 20:04:55,864 and sent to mynifi:8082 at 2024-06-02 20:04:55,869; send took 5 millis
2024-06-02 20:04:56,137 INFO [Heartbeat Monitor Thread-1] o.a.n.c.c.h.AbstractHeartbeatMonitor Finished processing 1 heartbeats in 7800 nanos
2024-06-02 20:04:59,978 INFO [pool-13-thread-1] o.a.n.c.r.WriteAheadFlowFileRepository Initiating checkpoint of FlowFile Repository
2024-06-02 20:04:59,979 INFO [pool-13-thread-1] o.a.n.c.r.WriteAheadFlowFileRepository Successfully checkpointed FlowFile Repository with 4505 records in 0 milliseconds
2024-06-02 20:05:00,873 INFO [Process Cluster Protocol Request-5] o.a.n.c.p.impl.SocketProtocolListener Finished processing request b4cfe0f5-11fb-4c6e-9d54-61aea526a9e2 (type=HEARTBEAT, length=2247 bytes) from mynifi:8080 in 1 millis
2024-06-02 20:05:00,874 INFO [Clustering Tasks Thread-3] o.a.n.c.c.ClusterProtocolHeartbeater Heartbeat created at 2024-06-02 20:05:00,870 and sent to mynifi:8082 at 2024-06-02 20:05:00,874; send took 4 millis
2024-06-02 20:05:01,137 INFO [Heartbeat Monitor Thread-1] o.a.n.c.c.h.AbstractHeartbeatMonitor Finished processing 1 heartbeats in 16400 nanos
2024-06-02 20:05:05,878 INFO [Process Cluster Protocol Request-6] o.a.n.c.p.impl.SocketProtocolListener Finished processing request 41d37c13-6dad-4ab3-a1bd-a843c3e0d7ed (type=HEARTBEAT, length=2247 bytes) from mynifi:8080 in 1 millis
2024-06-02 20:05:05,880 INFO [Clustering Tasks Thread-3] o.a.n.c.c.ClusterProtocolHeartbeater Heartbeat created at 2024-06-02 20:05:05,875 and sent to mynifi:8082 at 2024-06-02 20:05:05,880; send took 4 millis
2024-06-02 20:05:06,140 INFO [Heartbeat Monitor Thread-1] o.a.n.c.c.h.AbstractHeartbeatMonitor Finished processing 1 heartbeats in 7501 nanos
2024-06-02 20:05:10,883 INFO [Process Cluster Protocol Request-7] o.a.n.c.p.impl.SocketProtocolListener Finished processing request 46d1ff8b-c36a-49d0-a5b3-2ba44b13fcfc (type=HEARTBEAT, length=2247 bytes) from mynifi:8080 in 1 millis
2024-06-02 20:05:10,885 INFO [Clustering Tasks Thread-3] o.a.n.c.c.ClusterProtocolHeartbeater Heartbeat created at 2024-06-02 20:05:10,880 and sent to mynifi:8082 at 2024-06-02 20:05:10,885; send took 4 millis
2024-06-02 20:05:10,952 ERROR [Timer-Driven Process Thread-7] o.a.nifi.processors.mqtt.ConsumeMQTT ConsumeMQTT[id=99cb2d62-018d-1000-ffff-ffff95d70688] Connection to tcp://172.20.10.3:8883 lost (or was never connected) and connection failed. Yielding processor: java.net.ConnectException: Connection refused (Connection refused)
↳ causes: Unable to connect to server (32103) - java.net.ConnectException: Connection refused (Connection refused)
org.eclipse.paho.client.mqttv3.MqttException: Unable to connect to server
	at org.eclipse.paho.client.mqttv3.internal.TCPNetworkModule.start(TCPNetworkModule.java:80)
	at org.eclipse.paho.client.mqttv3.internal.ClientComms$ConnectBG.run(ClientComms.java:722)
	at java.lang.Thread.run(Thread.java:748)
Caused by: java.net.ConnectException: Connection refused (Connection refused)
	at java.net.PlainSocketImpl.socketConnect(Native Method)
	at java.net.AbstractPlainSocketImpl.doConnect(AbstractPlainSocketImpl.java:350)
	at java.net.AbstractPlainSocketImpl.connectToAddress(AbstractPlainSocketImpl.java:206)
	at java.net.AbstractPlainSocketImpl.connect(AbstractPlainSocketImpl.java:188)
	at java.net.SocksSocketImpl.connect(SocksSocketImpl.java:392)
	at java.net.Socket.connect(Socket.java:607)
	at org.eclipse.paho.client.mqttv3.internal.TCPNetworkModule.start(TCPNetworkModule.java:74)
	... 2 common frames omitted
2024-06-02 20:05:11,140 INFO [Heartbeat Monitor Thread-1] o.a.n.c.c.h.AbstractHeartbeatMonitor Finished processing 1 heartbeats in 51500 nanos
2024-06-02 20:05:15,887 INFO [Process Cluster Protocol Request-8] o.a.n.c.p.impl.SocketProtocolListener Finished processing request 5b51f938-1edb-4181-9e6e-d64769459efa (type=HEARTBEAT, length=2247 bytes) from mynifi:8080 in 1 millis
2024-06-02 20:05:15,889 INFO [Clustering Tasks Thread-3] o.a.n.c.c.ClusterProtocolHeartbeater Heartbeat created at 2024-06-02 20:05:15,885 and sent to mynifi:8082 at 2024-06-02 20:05:15,889; send took 3 millis
2024-06-02 20:05:16,142 INFO [Heartbeat Monitor Thread-1] o.a.n.c.c.h.AbstractHeartbeatMonitor Finished processing 1 heartbeats in 9000 nanos
2024-06-02 20:05:19,980 INFO [pool-13-thread-1] o.a.n.c.r.WriteAheadFlowFileRepository Initiating checkpoint of FlowFile Repository
2024-06-02 20:05:19,981 INFO [pool-13-thread-1] o.a.n.c.r.WriteAheadFlowFileRepository Successfully checkpointed FlowFile Repository with 4505 records in 0 milliseconds
2024-06-02 20:05:20,891 INFO [Process Cluster Protocol Request-9] o.a.n.c.p.impl.SocketProtocolListener Finished processing request d48a8a98-1bf4-46a1-88b8-3f251eaf3c0e (type=HEARTBEAT, length=2247 bytes) from mynifi:8080 in 1 millis
2024-06-02 20:05:20,892 INFO [Clustering Tasks Thread-3] o.a.n.c.c.ClusterProtocolHeartbeater Heartbeat created at 2024-06-02 20:05:20,889 and sent to mynifi:8082 at 2024-06-02 20:05:20,892; send took 3 millis
2024-06-02 20:05:21,142 INFO [Heartbeat Monitor Thread-1] o.a.n.c.c.h.AbstractHeartbeatMonitor Finished processing 1 heartbeats in 6200 nanos
2024-06-02 20:05:25,896 INFO [Process Cluster Protocol Request-10] o.a.n.c.p.impl.SocketProtocolListener Finished processing request ee8585cb-2653-4317-992f-5b01d3bb788e (type=HEARTBEAT, length=2247 bytes) from mynifi:8080 in 1 millis
2024-06-02 20:05:25,897 INFO [Clustering Tasks Thread-3] o.a.n.c.c.ClusterProtocolHeartbeater Heartbeat created at 2024-06-02 20:05:25,893 and sent to mynifi:8082 at 2024-06-02 20:05:25,897; send took 4 millis
2024-06-02 20:05:26,143 INFO [Heartbeat Monitor Thread-1] o.a.n.c.c.h.AbstractHeartbeatMonitor Finished processing 1 heartbeats in 8900 nanos
2024-06-02 20:05:30,901 INFO [Process Cluster Protocol Request-1] o.a.n.c.p.impl.SocketProtocolListener Finished processing request be8c9838-646d-4de6-af97-d967ef505ac0 (type=HEARTBEAT, length=2247 bytes) from mynifi:8080 in 1 millis
2024-06-02 20:05:30,902 INFO [Clustering Tasks Thread-3] o.a.n.c.c.ClusterProtocolHeartbeater Heartbeat created at 2024-06-02 20:05:30,897 and sent to mynifi:8082 at 2024-06-02 20:05:30,902; send took 4 millis
2024-06-02 20:05:31,143 INFO [Heartbeat Monitor Thread-1] o.a.n.c.c.h.AbstractHeartbeatMonitor Finished processing 1 heartbeats in 6000 nanos
2024-06-02 20:05:35,906 INFO [Process Cluster Protocol Request-2] o.a.n.c.p.impl.SocketProtocolListener Finished processing request 51bafcbf-d772-4ed6-b1dc-0223332f087b (type=HEARTBEAT, length=2247 bytes) from mynifi:8080 in 1 millis
2024-06-02 20:05:35,907 INFO [Clustering Tasks Thread-3] o.a.n.c.c.ClusterProtocolHeartbeater Heartbeat created at 2024-06-02 20:05:35,903 and sent to mynifi:8082 at 2024-06-02 20:05:35,907; send took 3 millis
2024-06-02 20:05:36,144 INFO [Heartbeat Monitor Thread-1] o.a.n.c.c.h.AbstractHeartbeatMonitor Finished processing 1 heartbeats in 7100 nanos
2024-06-02 20:05:39,981 INFO [pool-13-thread-1] o.a.n.c.r.WriteAheadFlowFileRepository Initiating checkpoint of FlowFile Repository
2024-06-02 20:05:39,983 INFO [pool-13-thread-1] o.a.n.c.r.WriteAheadFlowFileRepository Successfully checkpointed FlowFile Repository with 4505 records in 0 milliseconds
2024-06-02 20:05:40,910 INFO [Process Cluster Protocol Request-3] o.a.n.c.p.impl.SocketProtocolListener Finished processing request 132f4457-aa3d-4db3-8f3c-dde2037ddda9 (type=HEARTBEAT, length=2247 bytes) from mynifi:8080 in 1 millis
2024-06-02 20:05:40,911 INFO [Clustering Tasks Thread-3] o.a.n.c.c.ClusterProtocolHeartbeater Heartbeat created at 2024-06-02 20:05:40,907 and sent to mynifi:8082 at 2024-06-02 20:05:40,911; send took 3 millis
2024-06-02 20:05:41,144 INFO [Heartbeat Monitor Thread-1] o.a.n.c.c.h.AbstractHeartbeatMonitor Finished processing 1 heartbeats in 5900 nanos
2024-06-02 20:05:44,363 INFO [Cleanup Archive for default] o.a.n.c.repository.FileSystemRepository Successfully deleted 0 files (0 bytes) from archive
2024-06-02 20:05:45,926 INFO [Process Cluster Protocol Request-4] o.a.n.c.p.impl.SocketProtocolListener Finished processing request a52f5891-7c78-47d2-ac8e-640d54d56060 (type=HEARTBEAT, length=2247 bytes) from mynifi:8080 in 12 millis
2024-06-02 20:05:45,927 INFO [Clustering Tasks Thread-3] o.a.n.c.c.ClusterProtocolHeartbeater Heartbeat created at 2024-06-02 20:05:45,911 and sent to mynifi:8082 at 2024-06-02 20:05:45,927; send took 15 millis
2024-06-02 20:05:46,145 INFO [Heartbeat Monitor Thread-1] o.a.n.c.c.h.AbstractHeartbeatMonitor Finished processing 1 heartbeats in 9800 nanos
2024-06-02 20:05:50,930 INFO [Process Cluster Protocol Request-5] o.a.n.c.p.impl.SocketProtocolListener Finished processing request 9165518f-e50a-4585-8fd2-405b10e9d7dc (type=HEARTBEAT, length=2247 bytes) from mynifi:8080 in 1 millis
2024-06-02 20:05:50,932 INFO [Clustering Tasks Thread-3] o.a.n.c.c.ClusterProtocolHeartbeater Heartbeat created at 2024-06-02 20:05:50,928 and sent to mynifi:8082 at 2024-06-02 20:05:50,932; send took 4 millis
2024-06-02 20:05:51,145 INFO [Heartbeat Monitor Thread-1] o.a.n.c.c.h.AbstractHeartbeatMonitor Finished processing 1 heartbeats in 7100 nanos
2024-06-02 20:05:54,009 ERROR [Timer-Driven Process Thread-1] o.a.nifi.processors.mqtt.ConsumeMQTT ConsumeMQTT[id=99cb2d62-018d-1000-ffff-ffff95d70688] Connection to tcp://172.20.10.3:8883 lost (or was never connected) and connection failed. Yielding processor: java.net.ConnectException: Connection refused (Connection refused)
↳ causes: Unable to connect to server (32103) - java.net.ConnectException: Connection refused (Connection refused)
org.eclipse.paho.client.mqttv3.MqttException: Unable to connect to server
	at org.eclipse.paho.client.mqttv3.internal.TCPNetworkModule.start(TCPNetworkModule.java:80)
	at org.eclipse.paho.client.mqttv3.internal.ClientComms$ConnectBG.run(ClientComms.java:722)
	at java.lang.Thread.run(Thread.java:748)
Caused by: java.net.ConnectException: Connection refused (Connection refused)
	at java.net.PlainSocketImpl.socketConnect(Native Method)
	at java.net.AbstractPlainSocketImpl.doConnect(AbstractPlainSocketImpl.java:350)
	at java.net.AbstractPlainSocketImpl.connectToAddress(AbstractPlainSocketImpl.java:206)
	at java.net.AbstractPlainSocketImpl.connect(AbstractPlainSocketImpl.java:188)
	at java.net.SocksSocketImpl.connect(SocksSocketImpl.java:392)
	at java.net.Socket.connect(Socket.java:607)
	at org.eclipse.paho.client.mqttv3.internal.TCPNetworkModule.start(TCPNetworkModule.java:74)
	... 2 common frames omitted
2024-06-02 20:05:55,935 INFO [Process Cluster Protocol Request-6] o.a.n.c.p.impl.SocketProtocolListener Finished processing request a16fcf03-7e86-475f-9a97-2ad3f49a9905 (type=HEARTBEAT, length=2247 bytes) from mynifi:8080 in 1 millis
2024-06-02 20:05:55,936 INFO [Clustering Tasks Thread-3] o.a.n.c.c.ClusterProtocolHeartbeater Heartbeat created at 2024-06-02 20:05:55,932 and sent to mynifi:8082 at 2024-06-02 20:05:55,936; send took 4 millis
2024-06-02 20:05:56,146 INFO [Heartbeat Monitor Thread-1] o.a.n.c.c.h.AbstractHeartbeatMonitor Finished processing 1 heartbeats in 8700 nanos
2024-06-02 20:05:59,985 INFO [pool-13-thread-1] o.a.n.c.r.WriteAheadFlowFileRepository Initiating checkpoint of FlowFile Repository
2024-06-02 20:05:59,985 INFO [pool-13-thread-1] o.a.n.c.r.WriteAheadFlowFileRepository Successfully checkpointed FlowFile Repository with 4505 records in 0 milliseconds
2024-06-02 20:06:00,943 INFO [Process Cluster Protocol Request-7] o.a.n.c.p.impl.SocketProtocolListener Finished processing request 6fd14253-2b40-49ee-aeef-e396db2b57b2 (type=HEARTBEAT, length=2247 bytes) from mynifi:8080 in 2 millis
2024-06-02 20:06:00,946 INFO [Clustering Tasks Thread-3] o.a.n.c.c.ClusterProtocolHeartbeater Heartbeat created at 2024-06-02 20:06:00,937 and sent to mynifi:8082 at 2024-06-02 20:06:00,946; send took 9 millis
2024-06-02 20:06:01,157 INFO [Heartbeat Monitor Thread-1] o.a.n.c.c.h.AbstractHeartbeatMonitor Finished processing 1 heartbeats in 9200 nanos
2024-06-02 20:06:01,520 INFO [pool-2-thread-2] org.apache.nifi.BootstrapListener Received SHUTDOWN request from Bootstrap
2024-06-02 20:06:01,523 INFO [pool-2-thread-2] org.apache.nifi.NiFi Initiating shutdown of Jetty web server...
2024-06-02 20:06:01,585 INFO [pool-2-thread-2] o.eclipse.jetty.server.AbstractConnector Stopped ServerConnector@2e380628{HTTP/1.1, (http/1.1)}{mynifi:8080}
2024-06-02 20:06:01,586 INFO [pool-2-thread-2] org.eclipse.jetty.server.session node0 Stopped scavenging
